# JRE version: Java(TM) SE Runtime Environment (22.0.1+8) (build 22.0.1+8-16)
# Java VM: Java HotSpot(TM) 64-Bit Server VM (22.0.1+8-16, mixed mode, sharing, tiered, compressed oops, compressed class ptrs, g1 gc, windows-amd64)
GC Precious Log:
 CardTable entry size: 512
 Card Set container configuration: InlinePtr #cards 4 size 8 Array Of Cards #cards 32 size 80 Howl #buckets 8 coarsen threshold 7372 Howl Bitmap #cards 1024 size 144 coarsen threshold 921 Card regions per heap region 1 cards per card region 8192
 CPUs: 8 total, 8 available
 Memory: 24300M
 Large Page Support: Disabled
 NUMA Support: Disabled
 Compressed Oops: Enabled (Zero based)
 Heap Region Size: 4M
 Heap Min Capacity: 8M
 Heap Initial Capacity: 380M
 Heap Max Capacity: 6076M
 Pre-touch: Disabled
 Parallel Workers: 8
 Concurrent Workers: 2
 Concurrent Refinement Workers: 8
 Periodic GC: Disabled
Heap:
 garbage-first heap   total reserved 6221824K, committed 237568K, used 124690K [0x0000000684400000, 0x0000000800000000)
  region size 4096K, 27 young (110592K), 2 survivors (8192K)
 Metaspace       used 73505K, committed 74304K, reserved 1114112K
  class space    used 10091K, committed 10432K, reserved 1048576K
GC Heap History (20 events):
Event: 6.255 GC heap before
{Heap before GC invocations=9 (full 0):
 garbage-first heap   total reserved 6221824K, committed 57344K, used 46119K [0x0000000684400000, 0x0000000800000000)
  region size 4096K, 8 young (32768K), 1 survivors (4096K)
 Metaspace       used 32553K, committed 33088K, reserved 1114112K
  class space    used 4146K, committed 4416K, reserved 1048576K
}
Event: 6.264 GC heap after
{Heap after GC invocations=10 (full 0):
 garbage-first heap   total reserved 6221824K, committed 225280K, used 19696K [0x0000000684400000, 0x0000000800000000)
  region size 4096K, 1 young (4096K), 1 survivors (4096K)
 Metaspace       used 32553K, committed 33088K, reserved 1114112K
  class space    used 4146K, committed 4416K, reserved 1048576K
}
Event: 6.860 GC heap before
{Heap before GC invocations=10 (full 0):
 garbage-first heap   total reserved 6221824K, committed 225280K, used 52464K [0x0000000684400000, 0x0000000800000000)
  region size 4096K, 10 young (40960K), 1 survivors (4096K)
 Metaspace       used 35655K, committed 36160K, reserved 1114112K
  class space    used 4529K, committed 4736K, reserved 1048576K
}
Event: 6.869 GC heap after
{Heap after GC invocations=11 (full 0):
 garbage-first heap   total reserved 6221824K, committed 225280K, used 20640K [0x0000000684400000, 0x0000000800000000)
  region size 4096K, 2 young (8192K), 2 survivors (8192K)
 Metaspace       used 35655K, committed 36160K, reserved 1114112K
  class space    used 4529K, committed 4736K, reserved 1048576K
}
Event: 7.422 GC heap before
{Heap before GC invocations=12 (full 0):
 garbage-first heap   total reserved 6221824K, committed 81920K, used 61600K [0x0000000684400000, 0x0000000800000000)
  region size 4096K, 12 young (49152K), 2 survivors (8192K)
 Metaspace       used 39211K, committed 39744K, reserved 1114112K
  class space    used 5077K, committed 5312K, reserved 1048576K
}
Event: 7.427 GC heap after
{Heap after GC invocations=13 (full 0):
 garbage-first heap   total reserved 6221824K, committed 81920K, used 21525K [0x0000000684400000, 0x0000000800000000)
  region size 4096K, 1 young (4096K), 1 survivors (4096K)
 Metaspace       used 39211K, committed 39744K, reserved 1114112K
  class space    used 5077K, committed 5312K, reserved 1048576K
}
Event: 8.229 GC heap before
{Heap before GC invocations=13 (full 0):
 garbage-first heap   total reserved 6221824K, committed 81920K, used 66581K [0x0000000684400000, 0x0000000800000000)
  region size 4096K, 12 young (49152K), 1 survivors (4096K)
 Metaspace       used 44093K, committed 44672K, reserved 1114112K
  class space    used 5790K, committed 6080K, reserved 1048576K
}
Event: 8.235 GC heap after
{Heap after GC invocations=14 (full 0):
 garbage-first heap   total reserved 6221824K, committed 81920K, used 22279K [0x0000000684400000, 0x0000000800000000)
  region size 4096K, 2 young (8192K), 2 survivors (8192K)
 Metaspace       used 44093K, committed 44672K, reserved 1114112K
  class space    used 5790K, committed 6080K, reserved 1048576K
}
Event: 8.842 GC heap before
{Heap before GC invocations=14 (full 0):
 garbage-first heap   total reserved 6221824K, committed 81920K, used 59143K [0x0000000684400000, 0x0000000800000000)
  region size 4096K, 12 young (49152K), 2 survivors (8192K)
 Metaspace       used 47953K, committed 48512K, reserved 1114112K
  class space    used 6322K, committed 6592K, reserved 1048576K
}
Event: 8.847 GC heap after
{Heap after GC invocations=15 (full 0):
 garbage-first heap   total reserved 6221824K, committed 81920K, used 24082K [0x0000000684400000, 0x0000000800000000)
  region size 4096K, 2 young (8192K), 2 survivors (8192K)
 Metaspace       used 47953K, committed 48512K, reserved 1114112K
  class space    used 6322K, committed 6592K, reserved 1048576K
}
Event: 9.224 GC heap before
{Heap before GC invocations=15 (full 0):
 garbage-first heap   total reserved 6221824K, committed 81920K, used 65042K [0x0000000684400000, 0x0000000800000000)
  region size 4096K, 12 young (49152K), 2 survivors (8192K)
 Metaspace       used 52332K, committed 52864K, reserved 1114112K
  class space    used 6983K, committed 7232K, reserved 1048576K
}
Event: 9.230 GC heap after
{Heap after GC invocations=16 (full 0):
 garbage-first heap   total reserved 6221824K, committed 81920K, used 24720K [0x0000000684400000, 0x0000000800000000)
  region size 4096K, 2 young (8192K), 2 survivors (8192K)
 Metaspace       used 52332K, committed 52864K, reserved 1114112K
  class space    used 6983K, committed 7232K, reserved 1048576K
}
Event: 9.715 GC heap before
{Heap before GC invocations=16 (full 0):
 garbage-first heap   total reserved 6221824K, committed 81920K, used 65680K [0x0000000684400000, 0x0000000800000000)
  region size 4096K, 12 young (49152K), 2 survivors (8192K)
 Metaspace       used 56345K, committed 56960K, reserved 1114112K
  class space    used 7619K, committed 7872K, reserved 1048576K
}
Event: 9.720 GC heap after
{Heap after GC invocations=17 (full 0):
 garbage-first heap   total reserved 6221824K, committed 81920K, used 25388K [0x0000000684400000, 0x0000000800000000)
  region size 4096K, 2 young (8192K), 2 survivors (8192K)
 Metaspace       used 56345K, committed 56960K, reserved 1114112K
  class space    used 7619K, committed 7872K, reserved 1048576K
}
Event: 10.287 GC heap before
{Heap before GC invocations=17 (full 0):
 garbage-first heap   total reserved 6221824K, committed 81920K, used 58156K [0x0000000684400000, 0x0000000800000000)
  region size 4096K, 11 young (45056K), 2 survivors (8192K)
 Metaspace       used 59736K, committed 60416K, reserved 1114112K
  class space    used 8126K, committed 8448K, reserved 1048576K
}
Event: 10.295 GC heap after
{Heap after GC invocations=18 (full 0):
 garbage-first heap   total reserved 6221824K, committed 81920K, used 26205K [0x0000000684400000, 0x0000000800000000)
  region size 4096K, 2 young (8192K), 2 survivors (8192K)
 Metaspace       used 59736K, committed 60416K, reserved 1114112K
  class space    used 8126K, committed 8448K, reserved 1048576K
}
Event: 10.911 GC heap before
{Heap before GC invocations=19 (full 0):
 garbage-first heap   total reserved 6221824K, committed 81920K, used 58973K [0x0000000684400000, 0x0000000800000000)
  region size 4096K, 11 young (45056K), 2 survivors (8192K)
 Metaspace       used 62986K, committed 63680K, reserved 1114112K
  class space    used 8599K, committed 8896K, reserved 1048576K
}
Event: 10.918 GC heap after
{Heap after GC invocations=20 (full 0):
 garbage-first heap   total reserved 6221824K, committed 81920K, used 28207K [0x0000000684400000, 0x0000000800000000)
  region size 4096K, 2 young (8192K), 2 survivors (8192K)
 Metaspace       used 62986K, committed 63680K, reserved 1114112K
  class space    used 8599K, committed 8896K, reserved 1048576K
}
Event: 11.521 GC heap before
{Heap before GC invocations=20 (full 0):
 garbage-first heap   total reserved 6221824K, committed 81920K, used 65071K [0x0000000684400000, 0x0000000800000000)
  region size 4096K, 11 young (45056K), 2 survivors (8192K)
 Metaspace       used 65272K, committed 65984K, reserved 1114112K
  class space    used 8900K, committed 9216K, reserved 1048576K
}
Event: 11.531 GC heap after
{Heap after GC invocations=21 (full 0):
 garbage-first heap   total reserved 6221824K, committed 237568K, used 30482K [0x0000000684400000, 0x0000000800000000)
  region size 4096K, 2 young (8192K), 2 survivors (8192K)
 Metaspace       used 65272K, committed 65984K, reserved 1114112K
  class space    used 8900K, committed 9216K, reserved 1048576K
}

